#
# A fatal error has been detected by the Java Runtime Environment:
#
#  EXCEPTION_ACCESS_VIOLATION (0xc0000005) at pc=0x0000000067a98d85, pid=8560, tid=8348
#
# JRE version: Java(TM) SE Runtime Environment (8.0_74-b02) (build 1.8.0_74-b02)
# Java VM: Java HotSpot(TM) 64-Bit Server VM (25.74-b02 mixed mode windows-amd64 compressed oops)
# Problematic frame:
# V  [jvm.dll+0x128d85]
#
# Failed to write core dump. Minidumps are not enabled by default on client versions of Windows
#
# If you would like to submit a bug report, please visit:
#   http://bugreport.java.com/bugreport/crash.jsp
#

---------------  T H R E A D  ---------------

Current thread (0x0000000017b31800):  JavaThread "JDWP Transport Listener: dt_socket" daemon [_thread_in_vm, id=8348, stack(0x0000000019470000,0x0000000019570000)]

siginfo: ExceptionCode=0xc0000005, reading address 0xffffffffffffffff

Registers:
RAX=0x000000001956f301, RBX=0x0000000017b31800, RCX=0x0808080014001402, RDX=0x0000000000000000
RSP=0x000000001956f2d0, RBP=0x0808080014001402, RSI=0x000000001956f3e8, RDI=0x0000000002a09760
R8 =0x0000000017b31800, R9 =0x0000000000008000, R10=0x0000000000000000, R11=0x000000001956f58f
R12=0x0000000000000000, R13=0x0000000018e87158, R14=0x0000000000000000, R15=0x0000000000000000
RIP=0x0000000067a98d85, EFLAGS=0x0000000000010202

Top of Stack: (sp=0x000000001956f2d0)
0x000000001956f2d0:   0000000017b31800 0000000017b31800
0x000000001956f2e0:   000000001956f398 0000000067c9e33b
0x000000001956f2f0:   0000000017b31800 0000000067cbab9d
0x000000001956f300:   0000000000000000 00000000678b9155
0x000000001956f310:   0000000017b30cc0 00000000678c291e
0x000000001956f320:   0000000017b31800 0000000000000000
0x000000001956f330:   0000000000000000 0000000000000000
0x000000001956f340:   0808080014001402 00000000678c1a15
0x000000001956f350:   000000001956f3e8 000000001956f3c0
0x000000001956f360:   0000000000000001 0000000017b30cc0
0x000000001956f370:   0808080014001402 00000000678a53b3
0x000000001956f380:   000000001956f4b0 0000000000000001
0x000000001956f390:   0000000000000001 0000000017b30cc0
0x000000001956f3a0:   0000000000000009 0000000000000000
0x000000001956f3b0:   0000000000000000 0000000000000000
0x000000001956f3c0:   0000000000000001 00000000678a5571 

Instructions: (pc=0x0000000067a98d85)
0x0000000067a98d65:   cc cc cc cc cc cc cc cc cc cc cc 48 83 ec 28 48
0x0000000067a98d75:   85 c9 75 07 33 c0 48 83 c4 28 c3 48 89 5c 24 20
0x0000000067a98d85:   48 8b 19 48 85 db 74 20 48 83 fb 37 74 1a 48 8b
0x0000000067a98d95:   13 48 8b cb ff 52 10 84 c0 74 0d 48 8b c3 48 8b 


Register to memory mapping:

RAX=0x000000001956f301 is pointing into the stack for thread: 0x0000000017b31800
RBX=0x0000000017b31800 is a thread
RCX=0x0808080014001402 is an unknown value
RDX=0x0000000000000000 is an unknown value
RSP=0x000000001956f2d0 is pointing into the stack for thread: 0x0000000017b31800
RBP=0x0808080014001402 is an unknown value
RSI=0x000000001956f3e8 is pointing into the stack for thread: 0x0000000017b31800
RDI=0x0000000002a09760 is an unknown value
R8 =0x0000000017b31800 is a thread
R9 =0x0000000000008000 is an unknown value
R10=0x0000000000000000 is an unknown value
R11=0x000000001956f58f is pointing into the stack for thread: 0x0000000017b31800
R12=0x0000000000000000 is an unknown value
R13=0x0000000018e87158 is an unknown value
R14=0x0000000000000000 is an unknown value
R15=0x0000000000000000 is an unknown value


Stack: [0x0000000019470000,0x0000000019570000],  sp=0x000000001956f2d0,  free space=1020k
Native frames: (J=compiled Java code, j=interpreted, Vv=VM code, C=native code)
V  [jvm.dll+0x128d85]
V  [jvm.dll+0x34ab9d]
C  [jdwp.dll+0x21a15]
C  [jdwp.dll+0x53b3]
C  [jdwp.dll+0x5571]
C  [jdwp.dll+0xf0a8]
C  [jdwp.dll+0x1f2d5]
C  [jdwp.dll+0x1f4aa]
V  [jvm.dll+0x1bba58]
V  [jvm.dll+0x243434]
V  [jvm.dll+0x29a27a]
C  [msvcr100.dll+0x21d9f]
C  [msvcr100.dll+0x21e3b]
C  [KERNEL32.DLL+0x84d4]
C  [ntdll.dll+0x6e851]


---------------  P R O C E S S  ---------------

Java Threads: ( => current thread )
  0x0000000018f5c800 JavaThread "Service Thread" daemon [_thread_blocked, id=4584, stack(0x0000000019a70000,0x0000000019b70000)]
  0x0000000018f54000 JavaThread "C1 CompilerThread2" daemon [_thread_blocked, id=7888, stack(0x0000000019970000,0x0000000019a70000)]
  0x0000000018f51000 JavaThread "C2 CompilerThread1" daemon [_thread_blocked, id=2976, stack(0x0000000019870000,0x0000000019970000)]
  0x0000000018ef6800 JavaThread "C2 CompilerThread0" daemon [_thread_blocked, id=7484, stack(0x0000000019770000,0x0000000019870000)]
  0x0000000018e8d000 JavaThread "JDWP Command Reader" daemon [_thread_in_native, id=7760, stack(0x0000000019670000,0x0000000019770000)]
  0x0000000018e89800 JavaThread "JDWP Event Helper Thread" daemon [_thread_blocked, id=7556, stack(0x0000000019570000,0x0000000019670000)]
=>0x0000000017b31800 JavaThread "JDWP Transport Listener: dt_socket" daemon [_thread_in_vm, id=8348, stack(0x0000000019470000,0x0000000019570000)]
  0x0000000017b7e800 JavaThread "Attach Listener" daemon [_thread_blocked, id=5156, stack(0x0000000019370000,0x0000000019470000)]
  0x0000000017b1b000 JavaThread "Signal Dispatcher" daemon [_thread_blocked, id=288, stack(0x0000000019270000,0x0000000019370000)]
  0x000000000307d000 JavaThread "Finalizer" daemon [_thread_blocked, id=1276, stack(0x0000000018d70000,0x0000000018e70000)]
  0x0000000003072000 JavaThread "Reference Handler" daemon [_thread_blocked, id=8972, stack(0x0000000018c70000,0x0000000018d70000)]
  0x0000000002a0e000 JavaThread "main" [_thread_in_native, id=5308, stack(0x0000000002870000,0x0000000002970000)]

Other Threads:
  0x0000000017ae7000 VMThread [stack: 0x0000000018b70000,0x0000000018c70000] [id=9820]
  0x0000000018faa800 WatcherThread [stack: 0x0000000019b70000,0x0000000019c70000] [id=8148]

VM state:not at safepoint (normal execution)

VM Mutex/Monitor currently owned by a thread: None

Heap:
 PSYoungGen      total 37888K, used 3938K [0x00000000d6300000, 0x00000000d8d00000, 0x0000000100000000)
  eden space 32768K, 12% used [0x00000000d6300000,0x00000000d66d8830,0x00000000d8300000)
  from space 5120K, 0% used [0x00000000d8800000,0x00000000d8800000,0x00000000d8d00000)
  to   space 5120K, 0% used [0x00000000d8300000,0x00000000d8300000,0x00000000d8800000)
 ParOldGen       total 86016K, used 0K [0x0000000082800000, 0x0000000087c00000, 0x00000000d6300000)
  object space 86016K, 0% used [0x0000000082800000,0x0000000082800000,0x0000000087c00000)
 Metaspace       used 3815K, capacity 4714K, committed 4864K, reserved 1056768K
  class space    used 422K, capacity 466K, committed 512K, reserved 1048576K

Card table byte_map: [0x0000000012440000,0x0000000012830000] byte_map_base: 0x000000001202c000

Marking Bits: (ParMarkBitMap*) 0x0000000068180600
 Begin Bits: [0x0000000012ed0000, 0x0000000014e30000)
 End Bits:   [0x0000000014e30000, 0x0000000016d90000)

Polling page: 0x00000000007f0000

CodeCache: size=245760Kb used=1239Kb max_used=1239Kb free=244520Kb
 bounds [0x0000000003080000, 0x00000000032f0000, 0x0000000012080000]
 total_blobs=332 nmethods=82 adapters=171
 compilation: enabled

Compilation events (10 events):
Event: 2.109 Thread 0x0000000018f54000   73       3       java.util.concurrent.ConcurrentHashMap$Node::<init> (26 bytes)
Event: 2.110 Thread 0x0000000018f54000 nmethod 73 0x00000000031b1950 code [0x00000000031b1aa0, 0x00000000031b1c90]
Event: 2.111 Thread 0x0000000018f54000   79       3       java.util.StringTokenizer::scanToken (179 bytes)
Event: 2.113 Thread 0x0000000018f54000 nmethod 79 0x00000000031b1d50 code [0x00000000031b1fe0, 0x00000000031b3318]
Event: 2.113 Thread 0x0000000018f54000   80       3       java.util.HashSet::add (20 bytes)
Event: 2.114 Thread 0x0000000018f54000 nmethod 80 0x00000000031b3b10 code [0x00000000031b3c80, 0x00000000031b3f28]
Event: 2.114 Thread 0x0000000018f54000   81       3       java.util.ArrayList::rangeCheck (22 bytes)
Event: 2.114 Thread 0x0000000018f54000 nmethod 81 0x00000000031b3fd0 code [0x00000000031b41e0, 0x00000000031b4c98]
Event: 2.114 Thread 0x0000000018f54000   82       3       java.util.ArrayList::elementData (7 bytes)
Event: 2.115 Thread 0x0000000018f54000 nmethod 82 0x00000000031b5290 code [0x00000000031b53e0, 0x00000000031b5550]

GC Heap History (0 events):
No events

Deoptimization events (0 events):
No events

Internal exceptions (6 events):
Event: 0.176 Thread 0x0000000002a0e000 Exception <a 'java/lang/NoSuchMethodError': Method sun.misc.Unsafe.defineClass(Ljava/lang/String;[BII)Ljava/lang/Class; name or signature does not match> (0x00000000d6307cc0) thrown at [C:\re\workspace\8-2-build-windows-amd64-cygwin\jdk8u74\6087\hotspot\sr×ÖÈK•Æ?
Event: 0.176 Thread 0x0000000002a0e000 Exception <a 'java/lang/NoSuchMethodError': Method sun.misc.Unsafe.prefetchRead(Ljava/lang/Object;J)V name or signature does not match> (0x00000000d6307fa8) thrown at [C:\re\workspace\8-2-build-windows-amd64-cygwin\jdk8u74\6087\hotspot\src\share\vm\prims\jf®ãâ 
Event: 2.079 Thread 0x0000000002a0e000 Exception <a 'java/security/PrivilegedActionException'> (0x00000000d65cd428) thrown at [C:\re\workspace\8-2-build-windows-amd64-cygwin\jdk8u74\6087\hotspot\src\share\vm\prims\jvm.cpp, line 1386]
Event: 2.079 Thread 0x0000000002a0e000 Exception <a 'java/security/PrivilegedActionException'> (0x00000000d65cd820) thrown at [C:\re\workspace\8-2-build-windows-amd64-cygwin\jdk8u74\6087\hotspot\src\share\vm\prims\jvm.cpp, line 1386]
Event: 2.080 Thread 0x0000000002a0e000 Exception <a 'java/security/PrivilegedActionException'> (0x00000000d65d00c0) thrown at [C:\re\workspace\8-2-build-windows-amd64-cygwin\jdk8u74\6087\hotspot\src\share\vm\prims\jvm.cpp, line 1386]
Event: 2.081 Thread 0x0000000002a0e000 Exception <a 'java/security/PrivilegedActionException'> (0x00000000d65d04b8) thrown at [C:\re\workspace\8-2-build-windows-amd64-cygwin\jdk8u74\6087\hotspot\src\share\vm\prims\jvm.cpp, line 1386]

Events (10 events):
Event: 51.154 Executing VM operation: RedefineClasses
Event: 51.154 Executing VM operation: RedefineClasses done
Event: 51.182 Executing VM operation: ChangeBreakpoints
Event: 51.182 Executing VM operation: ChangeBreakpoints done
Event: 74.186 Executing VM operation: ChangeBreakpoints
Event: 74.186 Executing VM operation: ChangeBreakpoints done
Event: 5914.659 Executing VM operation: RedefineClasses
Event: 5914.660 Executing VM operation: RedefineClasses done
Event: 5975.141 Executing VM operation: RedefineClasses
Event: 5975.141 Executing VM operation: RedefineClasses done


Dynamic libraries:
0x00007ff634ad0000 - 0x00007ff634b07000 	D:\Java\jdk1.8.0_74\bin\java.exe
0x00007ffb90610000 - 0x00007ffb907e0000 	C:\windows\SYSTEM32\ntdll.dll
0x00007ffb8efb0000 - 0x00007ffb8f05b000 	C:\windows\System32\KERNEL32.DLL
0x00007ffb8d4d0000 - 0x00007ffb8d6ed000 	C:\windows\System32\KERNELBASE.dll
0x00007ffb8e070000 - 0x00007ffb8e112000 	C:\windows\System32\ADVAPI32.dll
0x00007ffb8dfd0000 - 0x00007ffb8e06e000 	C:\windows\System32\msvcrt.dll
0x00007ffb905b0000 - 0x00007ffb90609000 	C:\windows\System32\sechost.dll
0x00007ffb8ee10000 - 0x00007ffb8ef31000 	C:\windows\System32\RPCRT4.dll
0x00007ffb8eca0000 - 0x00007ffb8ee05000 	C:\windows\System32\USER32.dll
0x00007ffb8d910000 - 0x00007ffb8d92e000 	C:\windows\System32\win32u.dll
0x00007ffb8f060000 - 0x00007ffb8f094000 	C:\windows\System32\GDI32.dll
0x00007ffb8cb00000 - 0x00007ffb8cc81000 	C:\windows\System32\gdi32full.dll
0x00007ffb82d70000 - 0x00007ffb82fea000 	C:\windows\WinSxS\amd64_microsoft.windows.common-controls_6595b64144ccf1df_6.0.14393.2848_none_7ddecd5e83436d8c\COMCTL32.dll
0x00007ffb8e670000 - 0x00007ffb8e935000 	C:\windows\System32\combase.dll
0x00007ffb8cc90000 - 0x00007ffb8cd84000 	C:\windows\System32\ucrtbase.dll
0x00007ffb8d8a0000 - 0x00007ffb8d90a000 	C:\windows\System32\bcryptPrimitives.dll
0x00007ffb8e240000 - 0x00007ffb8e26e000 	C:\windows\System32\IMM32.DLL
0x0000000069130000 - 0x000000006913c000 	C:\Program Files (x86)\360\360safe\safemon\SafeWrapper.dll
0x00007ffb81b70000 - 0x00007ffb81c02000 	C:\Program Files (x86)\360\360safe\safemon\libzdtp64.dll
0x00007ffb8f0a0000 - 0x00007ffb905a5000 	C:\windows\System32\SHELL32.dll
0x00007ffb8d7a0000 - 0x00007ffb8d7e2000 	C:\windows\System32\cfgmgr32.dll
0x00007ffb8cd90000 - 0x00007ffb8d469000 	C:\windows\System32\windows.storage.dll
0x00007ffb8cab0000 - 0x00007ffb8cafc000 	C:\windows\System32\powrprof.dll
0x00007ffb8e1e0000 - 0x00007ffb8e232000 	C:\windows\System32\shlwapi.dll
0x00007ffb8ca70000 - 0x00007ffb8ca7f000 	C:\windows\System32\kernel.appcore.dll
0x00007ffb8d7f0000 - 0x00007ffb8d899000 	C:\windows\System32\shcore.dll
0x00007ffb8ca80000 - 0x00007ffb8ca94000 	C:\windows\System32\profapi.dll
0x00007ffb8bd60000 - 0x00007ffb8bd6a000 	C:\windows\SYSTEM32\VERSION.dll
0x0000000068200000 - 0x00000000682d2000 	D:\Java\jdk1.8.0_74\jre\bin\msvcr100.dll
0x0000000067970000 - 0x0000000068200000 	D:\Java\jdk1.8.0_74\jre\bin\server\jvm.dll
0x00007ffb8e270000 - 0x00007ffb8e278000 	C:\windows\System32\PSAPI.DLL
0x00007ffb7e540000 - 0x00007ffb7e549000 	C:\windows\SYSTEM32\WSOCK32.dll
0x00007ffb8aec0000 - 0x00007ffb8aee3000 	C:\windows\SYSTEM32\WINMM.dll
0x00007ffb8ef40000 - 0x00007ffb8efaa000 	C:\windows\System32\WS2_32.dll
0x00007ffb8ae90000 - 0x00007ffb8aebb000 	C:\windows\SYSTEM32\winmmbase.dll
0x0000000068db0000 - 0x0000000068dbf000 	D:\Java\jdk1.8.0_74\jre\bin\verify.dll
0x0000000068d80000 - 0x0000000068da9000 	D:\Java\jdk1.8.0_74\jre\bin\java.dll
0x00000000678a0000 - 0x00000000678d5000 	D:\Java\jdk1.8.0_74\jre\bin\jdwp.dll
0x0000000068d70000 - 0x0000000068d78000 	D:\Java\jdk1.8.0_74\jre\bin\npt.dll
0x0000000067920000 - 0x0000000067943000 	D:\Java\jdk1.8.0_74\jre\bin\instrument.dll
0x0000000067950000 - 0x0000000067966000 	D:\Java\jdk1.8.0_74\jre\bin\zip.dll
0x0000000067890000 - 0x0000000067899000 	D:\Java\jdk1.8.0_74\jre\bin\dt_socket.dll
0x00007ffb8c310000 - 0x00007ffb8c36c000 	C:\windows\system32\mswsock.dll
0x00007ffb80980000 - 0x00007ffb80b12000 	C:\windows\SYSTEM32\dbghelp.dll

VM Arguments:
jvm_args: -agentlib:jdwp=transport=dt_socket,address=127.0.0.1:57451,suspend=y,server=n -javaagent:C:\Users\Administrator\.IntelliJIdea2018.1\system\captureAgent\debugger-agent.jar=file:/C:/Users/Administrator/AppData/Local/Temp/capture.props -Dfile.encoding=UTF-8 
java_command: requirementOne.RequirementOne
java_class_path (initial): D:\Java\jdk1.8.0_74\jre\lib\charsets.jar;D:\Java\jdk1.8.0_74\jre\lib\deploy.jar;D:\Java\jdk1.8.0_74\jre\lib\ext\access-bridge-64.jar;D:\Java\jdk1.8.0_74\jre\lib\ext\cldrdata.jar;D:\Java\jdk1.8.0_74\jre\lib\ext\dnsns.jar;D:\Java\jdk1.8.0_74\jre\lib\ext\jaccess.jar;D:\Java\jdk1.8.0_74\jre\lib\ext\jfxrt.jar;D:\Java\jdk1.8.0_74\jre\lib\ext\localedata.jar;D:\Java\jdk1.8.0_74\jre\lib\ext\nashorn.jar;D:\Java\jdk1.8.0_74\jre\lib\ext\sunec.jar;D:\Java\jdk1.8.0_74\jre\lib\ext\sunjce_provider.jar;D:\Java\jdk1.8.0_74\jre\lib\ext\sunmscapi.jar;D:\Java\jdk1.8.0_74\jre\lib\ext\sunpkcs11.jar;D:\Java\jdk1.8.0_74\jre\lib\ext\zipfs.jar;D:\Java\jdk1.8.0_74\jre\lib\javaws.jar;D:\Java\jdk1.8.0_74\jre\lib\jce.jar;D:\Java\jdk1.8.0_74\jre\lib\jfr.jar;D:\Java\jdk1.8.0_74\jre\lib\jfxswt.jar;D:\Java\jdk1.8.0_74\jre\lib\jsse.jar;D:\Java\jdk1.8.0_74\jre\lib\management-agent.jar;D:\Java\jdk1.8.0_74\jre\lib\plugin.jar;D:\Java\jdk1.8.0_74\jre\lib\resources.jar;D:\Java\jdk1.8.0_74\jre\lib\rt.jar;F:\TestProject\codingTest\target\classes;D:\IntelliJ IDEA 2018.1\lib\idea_rt.jar;C:\Users\Administrator\.IntelliJIdea2018.1\system\captureAgent\debugger-agent.jar
Launcher Type: SUN_STANDARD

Environment Variables:
JAVA_HOME=D:\Java\jdk1.8.0_74
PATH=C:\windows\system32;C:\windows;C:\windows\System32\Wbem;C:\windows\System32\WindowsPowerShell\v1.0\;D:\Java\jdk1.8.0_74\bin;D:\Java\apache-maven-3.5.0\bin;C:\Users\Administrator\AppData\Local\Microsoft\WindowsApps;
USERNAME=Administrator
OS=Windows_NT
PROCESSOR_IDENTIFIER=Intel64 Family 6 Model 58 Stepping 9, GenuineIntel



---------------  S Y S T E M  ---------------

OS: Windows 10.0 , 64 bit Build 14393 (10.0.14393.2906)

CPU:total 4 (2 cores per cpu, 2 threads per core) family 6 model 58 stepping 9, cmov, cx8, fxsr, mmx, sse, sse2, sse3, ssse3, sse4.1, sse4.2, popcnt, avx, aes, clmul, erms, ht, tsc, tscinvbit, tscinv

Memory: 4k page, physical 8223080k(2618804k free), swap 16611688k(9162504k free)

vm_info: Java HotSpot(TM) 64-Bit Server VM (25.74-b02) for windows-amd64 JRE (1.8.0_74-b02), built on Jan 29 2016 17:42:36 by "java_re" with MS VC++ 10.0 (VS2010)

time: Sat Apr 23 18:50:58 2022
elapsed time: 6848 seconds (0d 1h 54m 8s)

